#
# There is insufficient memory for the Java Runtime Environment to continue.
# Native memory allocation (malloc) failed to allocate 262160 bytes for Chunk::new
# Possible reasons:
#   The system is out of physical RAM or swap space
#   The process is running with CompressedOops enabled, and the Java Heap may be blocking the growth of the native heap
# Possible solutions:
#   Reduce memory load on the system
#   Increase physical memory or swap space
#   Check if swap backing store is full
#   Decrease Java heap size (-Xmx/-Xms)
#   Decrease number of Java threads
#   Decrease Java thread stack sizes (-Xss)
#   Set larger code cache with -XX:ReservedCodeCacheSize=
#   JVM is running with Unscaled Compressed Oops mode in which the Java heap is
#     placed in the first 4GB address space. The Java Heap base address is the
#     maximum limit for the native heap growth. Please use -XX:HeapBaseMinAddress
#     to set the Java Heap base and to place the Java Heap above 4GB virtual address.
# This output file may be truncated or incomplete.
#
#  Out of Memory Error (allocation.cpp:389), pid=12460, tid=0x000000000000129c
#
# JRE version: OpenJDK Runtime Environment (8.0_242-b01) (build 1.8.0_242-release-1644-b01)
# Java VM: OpenJDK 64-Bit Server VM (25.242-b01 mixed mode windows-amd64 compressed oops)
# Failed to write core dump. Minidumps are not enabled by default on client versions of Windows
#

---------------  T H R E A D  ---------------

Current thread (0x0000000019a48000):  JavaThread "C2 CompilerThread2" daemon [_thread_in_native, id=4764, stack(0x000000001a510000,0x000000001a610000)]

Stack: [0x000000001a510000,0x000000001a610000]
[error occurred during error reporting (printing stack bounds), id 0xc0000005]

Native frames: (J=compiled Java code, j=interpreted, Vv=VM code, C=native code)


Current CompileTask:
C2: 143317 12586       4       org.gradle.api.internal.artifacts.transform.ConsumerProvidedResolvedVariant::startVisit (77 bytes)


---------------  P R O C E S S  ---------------

Java Threads: ( => current thread )
  0x0000000021fd7000 JavaThread "Thread-305" [_thread_in_native, id=8748, stack(0x000000002fec0000,0x000000002ffc0000)]
  0x0000000021fda800 JavaThread "Cache worker for execution history cache (C:\Users\LuNgocLien\Desktop\New folder\.gradle\6.5\executionHistory)" [_thread_blocked, id=1764, stack(0x000000002fbf0000,0x000000002fcf0000)]
  0x0000000021fda000 JavaThread "Execution worker for ':' Thread 7" [_thread_blocked, id=768, stack(0x000000002f4f0000,0x000000002f5f0000)]
  0x0000000021fd8800 JavaThread "Execution worker for ':' Thread 6" [_thread_blocked, id=16048, stack(0x000000002f3f0000,0x000000002f4f0000)]
  0x0000000021fcf000 JavaThread "Execution worker for ':' Thread 5" [_thread_blocked, id=11476, stack(0x000000002f2f0000,0x000000002f3f0000)]
  0x0000000021fd6000 JavaThread "Execution worker for ':' Thread 4" [_thread_blocked, id=2088, stack(0x000000002f1f0000,0x000000002f2f0000)]
  0x0000000021fd3000 JavaThread "Execution worker for ':' Thread 3" [_thread_blocked, id=15456, stack(0x000000002f0f0000,0x000000002f1f0000)]
  0x0000000021fd2000 JavaThread "Execution worker for ':' Thread 2" [_thread_blocked, id=8256, stack(0x000000002eff0000,0x000000002f0f0000)]
  0x0000000021fd4800 JavaThread "Execution worker for ':'" [_thread_blocked, id=14524, stack(0x000000002eef0000,0x000000002eff0000)]
  0x0000000021fd0000 JavaThread "Cache worker for file content cache (C:\Users\LuNgocLien\Desktop\New folder\.gradle\6.5\fileContent)" [_thread_blocked, id=10336, stack(0x000000002edf0000,0x000000002eef0000)]
  0x0000000021fd0800 JavaThread "Cache worker for Build Output Cleanup Cache (C:\Users\LuNgocLien\Desktop\New folder\.gradle\buildOutputCleanup)" [_thread_blocked, id=11652, stack(0x000000002c490000,0x000000002c590000)]
  0x0000000021fd3800 JavaThread "jar transforms Thread 232" [_thread_blocked, id=15420, stack(0x000000002a280000,0x000000002a380000)]
  0x0000000021fd1800 JavaThread "jar transforms Thread 231" [_thread_blocked, id=3368, stack(0x0000000029f80000,0x000000002a080000)]
  0x0000000021fd5000 JavaThread "jar transforms Thread 230" [_thread_blocked, id=11284, stack(0x0000000029e80000,0x0000000029f80000)]
  0x0000000021fcd800 JavaThread "jar transforms Thread 229" [_thread_blocked, id=15112, stack(0x0000000029d80000,0x0000000029e80000)]
  0x00000000221c4800 JavaThread "jar transforms Thread 228" [_thread_blocked, id=12740, stack(0x0000000029c80000,0x0000000029d80000)]
  0x00000000221c3800 JavaThread "jar transforms Thread 227" [_thread_blocked, id=14872, stack(0x0000000029b80000,0x0000000029c80000)]
  0x00000000221c3000 JavaThread "jar transforms Thread 226" [_thread_blocked, id=2656, stack(0x0000000029a80000,0x0000000029b80000)]
  0x00000000221c5000 JavaThread "jar transforms Thread 225" [_thread_blocked, id=16252, stack(0x0000000029980000,0x0000000029a80000)]
  0x00000000221be800 JavaThread "jar transforms Thread 224" [_thread_blocked, id=14476, stack(0x0000000029880000,0x0000000029980000)]
  0x00000000221c2000 JavaThread "jar transforms Thread 223" [_thread_blocked, id=824, stack(0x0000000029780000,0x0000000029880000)]
  0x00000000221c1800 JavaThread "jar transforms Thread 222" [_thread_blocked, id=2548, stack(0x0000000029680000,0x0000000029780000)]
  0x00000000221c0800 JavaThread "jar transforms Thread 221" [_thread_blocked, id=11776, stack(0x0000000029580000,0x0000000029680000)]
  0x00000000221c0000 JavaThread "jar transforms Thread 220" [_thread_blocked, id=1460, stack(0x0000000029480000,0x0000000029580000)]
  0x00000000221bf000 JavaThread "jar transforms Thread 219" [_thread_blocked, id=9372, stack(0x0000000029280000,0x0000000029380000)]
  0x00000000221bd800 JavaThread "jar transforms Thread 218" [_thread_blocked, id=13392, stack(0x0000000029180000,0x0000000029280000)]
  0x00000000221b6000 JavaThread "jar transforms Thread 217" [_thread_blocked, id=2888, stack(0x0000000029080000,0x0000000029180000)]
  0x00000000221bc800 JavaThread "jar transforms Thread 216" [_thread_blocked, id=2156, stack(0x0000000028f80000,0x0000000029080000)]
  0x00000000221bb000 JavaThread "jar transforms Thread 215" [_thread_blocked, id=15716, stack(0x0000000028e80000,0x0000000028f80000)]
  0x00000000221ba800 JavaThread "jar transforms Thread 214" [_thread_blocked, id=15796, stack(0x0000000028d80000,0x0000000028e80000)]
  0x00000000221b9800 JavaThread "jar transforms Thread 213" [_thread_blocked, id=14944, stack(0x0000000028c80000,0x0000000028d80000)]
  0x00000000221b6800 JavaThread "jar transforms Thread 212" [_thread_blocked, id=13048, stack(0x0000000028b80000,0x0000000028c80000)]
  0x00000000221b8000 JavaThread "jar transforms Thread 211" [_thread_blocked, id=8492, stack(0x0000000028a80000,0x0000000028b80000)]
  0x00000000221b9000 JavaThread "jar transforms Thread 210" [_thread_blocked, id=92, stack(0x0000000028980000,0x0000000028a80000)]
  0x00000000221bc000 JavaThread "jar transforms Thread 209" [_thread_blocked, id=14176, stack(0x0000000028880000,0x0000000028980000)]
  0x00000000221b7800 JavaThread "jar transforms Thread 208" [_thread_blocked, id=8060, stack(0x0000000028780000,0x0000000028880000)]
  0x000000002bf9b800 JavaThread "jar transforms Thread 207" [_thread_blocked, id=3052, stack(0x0000000028680000,0x0000000028780000)]
  0x000000002bf9b000 JavaThread "jar transforms Thread 206" [_thread_blocked, id=10196, stack(0x0000000028580000,0x0000000028680000)]
  0x000000002bf99800 JavaThread "jar transforms Thread 205" [_thread_blocked, id=16332, stack(0x0000000028480000,0x0000000028580000)]
  0x000000002bf98800 JavaThread "jar transforms Thread 204" [_thread_blocked, id=7744, stack(0x0000000028380000,0x0000000028480000)]
  0x000000002bf98000 JavaThread "jar transforms Thread 203" [_thread_blocked, id=14508, stack(0x0000000028280000,0x0000000028380000)]
  0x000000002bf9a000 JavaThread "jar transforms Thread 202" [_thread_blocked, id=14764, stack(0x0000000028180000,0x0000000028280000)]
  0x000000002bf96800 JavaThread "jar transforms Thread 201" [_thread_blocked, id=5404, stack(0x0000000028080000,0x0000000028180000)]
  0x000000002bf90000 JavaThread "jar transforms Thread 200" [_thread_blocked, id=7260, stack(0x0000000027f80000,0x0000000028080000)]
  0x000000002bf97000 JavaThread "jar transforms Thread 199" [_thread_blocked, id=11164, stack(0x0000000027e80000,0x0000000027f80000)]
  0x000000002bf95800 JavaThread "jar transforms Thread 198" [_thread_blocked, id=11924, stack(0x0000000027d80000,0x0000000027e80000)]
  0x000000002bf8e000 JavaThread "jar transforms Thread 197" [_thread_blocked, id=9864, stack(0x0000000027c80000,0x0000000027d80000)]
  0x000000002bf8e800 JavaThread "jar transforms Thread 196" [_thread_blocked, id=11472, stack(0x0000000027b80000,0x0000000027c80000)]
  0x000000002bf95000 JavaThread "jar transforms Thread 195" [_thread_blocked, id=15184, stack(0x0000000027a80000,0x0000000027b80000)]
  0x000000002bf94000 JavaThread "jar transforms Thread 194" [_thread_blocked, id=14704, stack(0x0000000027980000,0x0000000027a80000)]
  0x000000002bf8d000 JavaThread "jar transforms Thread 193" [_thread_blocked, id=10280, stack(0x0000000027880000,0x0000000027980000)]
  0x000000002bf8c800 JavaThread "jar transforms Thread 192" [_thread_blocked, id=8716, stack(0x0000000027780000,0x0000000027880000)]
  0x000000002bf92000 JavaThread "jar transforms Thread 191" [_thread_blocked, id=7348, stack(0x0000000027680000,0x0000000027780000)]
  0x000000002bf92800 JavaThread "jar transforms Thread 190" [_thread_blocked, id=8184, stack(0x0000000027580000,0x0000000027680000)]
  0x000000002bf8f800 JavaThread "jar transforms Thread 189" [_thread_blocked, id=14640, stack(0x0000000027480000,0x0000000027580000)]
  0x000000002bf91000 JavaThread "jar transforms Thread 188" [_thread_blocked, id=6000, stack(0x0000000027380000,0x0000000027480000)]
  0x000000002bf93800 JavaThread "jar transforms Thread 187" [_thread_blocked, id=15084, stack(0x0000000027280000,0x0000000027380000)]
  0x000000001bc1b000 JavaThread "jar transforms Thread 186" [_thread_blocked, id=10796, stack(0x0000000027180000,0x0000000027280000)]
  0x000000001bc18800 JavaThread "jar transforms Thread 185" [_thread_blocked, id=1104, stack(0x0000000027080000,0x0000000027180000)]
  0x000000001bc1f800 JavaThread "jar transforms Thread 184" [_thread_blocked, id=5104, stack(0x0000000026f80000,0x0000000027080000)]
  0x000000001bc18000 JavaThread "jar transforms Thread 183" [_thread_blocked, id=14516, stack(0x0000000026e80000,0x0000000026f80000)]
  0x000000001bc1c800 JavaThread "jar transforms Thread 182" [_thread_blocked, id=6816, stack(0x0000000026d80000,0x0000000026e80000)]
  0x000000001bc1e800 JavaThread "jar transforms Thread 181" [_thread_blocked, id=4240, stack(0x0000000026c80000,0x0000000026d80000)]
  0x000000001bc1a000 JavaThread "jar transforms Thread 180" [_thread_blocked, id=6696, stack(0x0000000026b80000,0x0000000026c80000)]
  0x000000001bc1e000 JavaThread "jar transforms Thread 179" [_thread_blocked, id=2752, stack(0x0000000026a80000,0x0000000026b80000)]
  0x000000001bc1d000 JavaThread "jar transforms Thread 178" [_thread_blocked, id=15056, stack(0x0000000026980000,0x0000000026a80000)]
  0x000000001bc19800 JavaThread "jar transforms Thread 177" [_thread_blocked, id=3000, stack(0x0000000026880000,0x0000000026980000)]
  0x000000001bc1b800 JavaThread "jar transforms Thread 176" [_thread_blocked, id=6808, stack(0x0000000026780000,0x0000000026880000)]
  0x000000001bc12000 JavaThread "jar transforms Thread 175" [_thread_blocked, id=13848, stack(0x0000000026680000,0x0000000026780000)]
  0x000000001bc10800 JavaThread "jar transforms Thread 174" [_thread_blocked, id=14372, stack(0x0000000026580000,0x0000000026680000)]
  0x000000001bc11000 JavaThread "jar transforms Thread 173" [_thread_blocked, id=9184, stack(0x0000000026480000,0x0000000026580000)]
  0x000000001bc16800 JavaThread "jar transforms Thread 172" [_thread_blocked, id=7852, stack(0x0000000026380000,0x0000000026480000)]
  0x000000001bc13800 JavaThread "jar transforms Thread 171" [_thread_blocked, id=10508, stack(0x0000000026280000,0x0000000026380000)]
  0x000000001bc15800 JavaThread "jar transforms Thread 170" [_thread_blocked, id=2796, stack(0x0000000026180000,0x0000000026280000)]
  0x000000001bc14000 JavaThread "jar transforms Thread 169" [_thread_blocked, id=14908, stack(0x0000000026080000,0x0000000026180000)]
  0x000000001bc17000 JavaThread "jar transforms Thread 168" [_thread_blocked, id=15044, stack(0x0000000025f80000,0x0000000026080000)]
  0x000000001bc12800 JavaThread "jar transforms Thread 167" [_thread_blocked, id=12272, stack(0x0000000025e80000,0x0000000025f80000)]
  0x000000001bc15000 JavaThread "jar transforms Thread 166" [_thread_blocked, id=12736, stack(0x0000000025d80000,0x0000000025e80000)]
  0x000000002b7b9000 JavaThread "jar transforms Thread 165" [_thread_blocked, id=2920, stack(0x0000000025c80000,0x0000000025d80000)]
  0x000000002b7b8800 JavaThread "jar transforms Thread 164" [_thread_blocked, id=13684, stack(0x0000000025b80000,0x0000000025c80000)]
  0x000000002b7b7800 JavaThread "jar transforms Thread 163" [_thread_blocked, id=12668, stack(0x0000000025a80000,0x0000000025b80000)]
  0x000000002b7b6000 JavaThread "jar transforms Thread 162" [_thread_blocked, id=712, stack(0x0000000025980000,0x0000000025a80000)]
  0x000000002b7b7000 JavaThread "jar transforms Thread 161" [_thread_blocked, id=5572, stack(0x0000000025880000,0x0000000025980000)]
  0x000000002b7bd000 JavaThread "jar transforms Thread 160" [_thread_blocked, id=1456, stack(0x0000000025780000,0x0000000025880000)]
  0x000000002b7bc000 JavaThread "jar transforms Thread 159" [_thread_blocked, id=9824, stack(0x0000000025680000,0x0000000025780000)]
  0x000000002b7bb800 JavaThread "jar transforms Thread 158" [_thread_blocked, id=15160, stack(0x0000000025580000,0x0000000025680000)]
  0x000000002b7ba800 JavaThread "jar transforms Thread 157" [_thread_blocked, id=10236, stack(0x0000000025480000,0x0000000025580000)]
  0x000000002b7ba000 JavaThread "jar transforms Thread 156" [_thread_blocked, id=5712, stack(0x0000000025380000,0x0000000025480000)]
  0x000000002b7ae800 JavaThread "jar transforms Thread 155" [_thread_blocked, id=15860, stack(0x0000000025280000,0x0000000025380000)]
  0x000000002b7b5800 JavaThread "jar transforms Thread 154" [_thread_blocked, id=5192, stack(0x0000000025180000,0x0000000025280000)]
  0x000000002b7b0000 JavaThread "jar transforms Thread 153" [_thread_blocked, id=11940, stack(0x0000000025080000,0x0000000025180000)]
  0x000000002b7b3000 JavaThread "jar transforms Thread 152" [_thread_blocked, id=88, stack(0x0000000024f80000,0x0000000025080000)]
  0x000000002b7b0800 JavaThread "jar transforms Thread 151" [_thread_blocked, id=13544, stack(0x0000000024e80000,0x0000000024f80000)]
  0x000000002b7af000 JavaThread "jar transforms Thread 150" [_thread_blocked, id=7872, stack(0x0000000024d80000,0x0000000024e80000)]
  0x000000002b7b4000 JavaThread "jar transforms Thread 149" [_thread_blocked, id=15244, stack(0x0000000024c80000,0x0000000024d80000)]
  0x000000002b7b1800 JavaThread "jar transforms Thread 148" [_thread_blocked, id=796, stack(0x0000000024b80000,0x0000000024c80000)]
  0x000000002b7b2800 JavaThread "jar transforms Thread 147" [_thread_blocked, id=12400, stack(0x0000000024a80000,0x0000000024b80000)]
  0x000000002b7ad800 JavaThread "jar transforms Thread 146" [_thread_blocked, id=14264, stack(0x0000000024980000,0x0000000024a80000)]
  0x000000002b7b4800 JavaThread "jar transforms Thread 145" [_thread_blocked, id=11820, stack(0x0000000024880000,0x0000000024980000)]
  0x000000001c35d800 JavaThread "jar transforms Thread 144" [_thread_blocked, id=2296, stack(0x0000000024780000,0x0000000024880000)]
  0x000000001c35b000 JavaThread "jar transforms Thread 143" [_thread_blocked, id=15852, stack(0x0000000024680000,0x0000000024780000)]
  0x000000001c35a800 JavaThread "jar transforms Thread 142" [_thread_blocked, id=6008, stack(0x0000000024580000,0x0000000024680000)]
  0x000000001c359000 JavaThread "jar transforms Thread 141" [_thread_blocked, id=13112, stack(0x0000000024480000,0x0000000024580000)]
  0x000000001c359800 JavaThread "jar transforms Thread 140" [_thread_blocked, id=11372, stack(0x0000000024380000,0x0000000024480000)]
  0x000000001ba84800 JavaThread "jar transforms Thread 139" [_thread_blocked, id=15308, stack(0x0000000024280000,0x0000000024380000)]
  0x000000001ba83000 JavaThread "jar transforms Thread 138" [_thread_blocked, id=13212, stack(0x0000000024180000,0x0000000024280000)]
  0x000000001ba85800 JavaThread "jar transforms Thread 137" [_thread_blocked, id=14536, stack(0x0000000024080000,0x0000000024180000)]
  0x000000001ba81800 JavaThread "jar transforms Thread 136" [_thread_blocked, id=15476, stack(0x0000000023f80000,0x0000000024080000)]
  0x000000001ba81000 JavaThread "jar transforms Thread 135" [_thread_blocked, id=15844, stack(0x0000000023e80000,0x0000000023f80000)]
  0x000000001ba80000 JavaThread "jar transforms Thread 134" [_thread_blocked, id=14716, stack(0x0000000023d80000,0x0000000023e80000)]
  0x000000001ba84000 JavaThread "jar transforms Thread 133" [_thread_blocked, id=15572, stack(0x0000000023c80000,0x0000000023d80000)]
  0x000000001ba82800 JavaThread "jar transforms Thread 132" [_thread_blocked, id=8088, stack(0x0000000023b80000,0x0000000023c80000)]
  0x000000001ba77800 JavaThread "jar transforms Thread 131" [_thread_blocked, id=1224, stack(0x0000000023a80000,0x0000000023b80000)]
  0x000000001ba7b800 JavaThread "jar transforms Thread 130" [_thread_blocked, id=8484, stack(0x0000000023980000,0x0000000023a80000)]
  0x000000001ba7e000 JavaThread "jar transforms Thread 129" [_thread_blocked, id=12224, stack(0x0000000023880000,0x0000000023980000)]
  0x000000001ba7a800 JavaThread "jar transforms Thread 128" [_thread_blocked, id=4120, stack(0x0000000023780000,0x0000000023880000)]
  0x000000001ba78800 JavaThread "jar transforms Thread 127" [_thread_blocked, id=14460, stack(0x0000000023680000,0x0000000023780000)]
  0x000000001ba7c000 JavaThread "jar transforms Thread 126" [_thread_blocked, id=3940, stack(0x0000000023580000,0x0000000023680000)]
  0x000000001c8da800 JavaThread "jar transforms Thread 125" [_thread_blocked, id=14920, stack(0x0000000023480000,0x0000000023580000)]
  0x000000001c8d9800 JavaThread "jar transforms Thread 124" [_thread_blocked, id=1708, stack(0x0000000023380000,0x0000000023480000)]
  0x000000001c8d9000 JavaThread "jar transforms Thread 123" [_thread_blocked, id=14992, stack(0x0000000023280000,0x0000000023380000)]
  0x000000001c8d8000 JavaThread "jar transforms Thread 122" [_thread_blocked, id=7032, stack(0x0000000023180000,0x0000000023280000)]
  0x000000001c8cf000 JavaThread "jar transforms Thread 121" [_thread_blocked, id=10152, stack(0x0000000023080000,0x0000000023180000)]
  0x000000001c8d6000 JavaThread "jar transforms Thread 120" [_thread_blocked, id=4356, stack(0x0000000022f80000,0x0000000023080000)]
  0x000000001c8d5000 JavaThread "jar transforms Thread 119" [_thread_blocked, id=11664, stack(0x0000000022e80000,0x0000000022f80000)]
  0x000000001c8d4800 JavaThread "jar transforms Thread 118" [_thread_blocked, id=8872, stack(0x0000000022d80000,0x0000000022e80000)]
  0x000000001c8cd000 JavaThread "jar transforms Thread 117" [_thread_blocked, id=13044, stack(0x0000000022c80000,0x0000000022d80000)]
  0x000000001c8d3800 JavaThread "Build operations Thread 8" [_thread_blocked, id=11320, stack(0x0000000022b80000,0x0000000022c80000)]
  0x000000001c8ce800 JavaThread "Build operations Thread 7" [_thread_blocked, id=16060, stack(0x0000000022a80000,0x0000000022b80000)]
  0x000000001c8cc000 JavaThread "Build operations Thread 6" [_thread_blocked, id=3700, stack(0x0000000022980000,0x0000000022a80000)]
  0x000000001c8d1800 JavaThread "Build operations Thread 5" [_thread_blocked, id=12348, stack(0x0000000022880000,0x0000000022980000)]
  0x000000001c8d3000 JavaThread "Build operations Thread 4" [_thread_blocked, id=15976, stack(0x0000000022780000,0x0000000022880000)]
  0x000000001eb45000 JavaThread "Build operations Thread 3" [_thread_blocked, id=11904, stack(0x0000000022680000,0x0000000022780000)]
  0x000000001eb47800 JavaThread "Build operations Thread 2" [_thread_blocked, id=2892, stack(0x0000000020cb0000,0x0000000020db0000)]
  0x000000001eb44800 JavaThread "Build operations" [_thread_blocked, id=5852, stack(0x00000000204b0000,0x00000000205b0000)]
  0x000000001eb46000 JavaThread "Cache worker for cache directory md-rule (C:\Users\LuNgocLien\.gradle\caches\6.5\md-rule)" [_thread_blocked, id=4104, stack(0x00000000203b0000,0x00000000204b0000)]
  0x000000001eb43800 JavaThread "Cache worker for cache directory md-supplier (C:\Users\LuNgocLien\.gradle\caches\6.5\md-supplier)" [_thread_blocked, id=11480, stack(0x00000000202b0000,0x00000000203b0000)]
  0x000000001eb3c000 JavaThread "Cache worker for checksums cache (C:\Users\LuNgocLien\Desktop\New folder\.gradle\checksums)" [_thread_blocked, id=5472, stack(0x000000001fd00000,0x000000001fe00000)]
  0x000000001eb3d000 JavaThread "Cache worker for file hash cache (C:\Users\LuNgocLien\Desktop\New folder\.gradle\6.5\fileHashes)" [_thread_blocked, id=14496, stack(0x000000001e530000,0x000000001e630000)]
  0x000000001eb3d800 JavaThread "Thread-165" [_thread_blocked, id=9460, stack(0x000000001e430000,0x000000001e530000)]
  0x000000001eb43000 JavaThread "Stdin handler" [_thread_blocked, id=14156, stack(0x000000001e330000,0x000000001e430000)]
  0x000000001eb42000 JavaThread "Asynchronous log dispatcher for DefaultDaemonConnection: socket connection from /127.0.0.1:59588 to /127.0.0.1:59597" [_thread_blocked, id=8972, stack(0x000000001e230000,0x000000001e330000)]
  0x000000001eb3a800 JavaThread "Daemon worker Thread 2" [_thread_blocked, id=2512, stack(0x000000001dc30000,0x000000001dd30000)]
  0x000000001eb3b800 JavaThread "Cancel handler" [_thread_blocked, id=2812, stack(0x0000000000f90000,0x0000000001090000)]
  0x000000001eb41800 JavaThread "Handler for socket connection from /127.0.0.1:59588 to /127.0.0.1:59597" [_thread_in_native, id=9548, stack(0x0000000000e90000,0x0000000000f90000)]
  0x000000001eb40800 JavaThread "Daemon Thread 2" [_thread_blocked, id=15140, stack(0x0000000000d90000,0x0000000000e90000)]
  0x000000001c8cb800 JavaThread "Memory manager" [_thread_blocked, id=4644, stack(0x000000002a980000,0x000000002aa80000)]
  0x000000001c35c800 JavaThread "Cache worker for file content cache (C:\Users\LuNgocLien\.gradle\caches\6.5\fileContent)" [_thread_blocked, id=7720, stack(0x0000000020db0000,0x0000000020eb0000)]
  0x000000001c35e000 JavaThread "Cache worker for execution history cache (C:\Users\LuNgocLien\.gradle\caches\6.5\executionHistory)" [_thread_blocked, id=448, stack(0x00000000205b0000,0x00000000206b0000)]
  0x000000001c35f800 JavaThread "Cache worker for file hash cache (C:\Users\LuNgocLien\.gradle\caches\6.5\fileHashes)" [_thread_blocked, id=15624, stack(0x000000001ea30000,0x000000001eb30000)]
  0x000000001c35c000 JavaThread "File lock request listener" [_thread_in_native, id=13496, stack(0x000000001e930000,0x000000001ea30000)]
  0x000000001c51f000 JavaThread "Cache worker for journal cache (C:\Users\LuNgocLien\.gradle\caches\journal-1)" [_thread_blocked, id=11960, stack(0x000000001e830000,0x000000001e930000)]
  0x000000001c46f000 JavaThread "Daemon periodic checks" [_thread_blocked, id=14844, stack(0x000000001db30000,0x000000001dc30000)]
  0x000000001c3f3000 JavaThread "Incoming local TCP Connector on port 59588" [_thread_in_native, id=1156, stack(0x000000001d8f0000,0x000000001d9f0000)]
  0x000000001b904800 JavaThread "Daemon health stats" [_thread_blocked, id=15172, stack(0x000000001d2b0000,0x000000001d3b0000)]
  0x0000000019ad9000 JavaThread "Service Thread" daemon [_thread_blocked, id=6428, stack(0x000000001a710000,0x000000001a810000)]
  0x0000000019a4d000 JavaThread "C1 CompilerThread3" daemon [_thread_blocked, id=10228, stack(0x000000001a610000,0x000000001a710000)]
=>0x0000000019a48000 JavaThread "C2 CompilerThread2" daemon [_thread_in_native, id=4764, stack(0x000000001a510000,0x000000001a610000)]
  0x0000000019a44000 JavaThread "C2 CompilerThread1" daemon [_thread_in_native, id=12692, stack(0x000000001a410000,0x000000001a510000)]
  0x0000000019a41000 JavaThread "C2 CompilerThread0" daemon [_thread_in_native, id=6948, stack(0x000000001a310000,0x000000001a410000)]
  0x0000000019a3f800 JavaThread "Attach Listener" daemon [_thread_blocked, id=9952, stack(0x000000001a210000,0x000000001a310000)]
  0x0000000017c2e800 JavaThread "Signal Dispatcher" daemon [_thread_blocked, id=14804, stack(0x000000001a110000,0x000000001a210000)]
  0x0000000019a30800 JavaThread "Finalizer" daemon [_thread_blocked, id=13416, stack(0x0000000019f10000,0x000000001a010000)]
  0x0000000002ae8000 JavaThread "Reference Handler" daemon [_thread_blocked, id=14380, stack(0x0000000019e10000,0x0000000019f10000)]
  0x00000000029f2800 JavaThread "main" [_thread_blocked, id=7800, stack(0x00000000028a0000,0x00000000029a0000)]

Other Threads:
  0x0000000017c16000 VMThread [stack: 0x0000000019910000,0x0000000019a10000] [id=16040]
  0x0000000019ada000 WatcherThread [stack: 0x000000001a810000,0x000000001a910000] [id=6820]

VM state:not at safepoint (normal execution)

VM Mutex/Monitor currently owned by a thread: None

heap address: 0x0000000080000000, size: 2048 MB, Compressed Oops mode: 32-bit
Narrow klass base: 0x0000000000000000, Narrow klass shift: 3
Compressed class space size: 1073741824 Address: 0x0000000100000000

Heap:
 PSYoungGen      total 191488K, used 117111K [0x00000000d5580000, 0x00000000e4480000, 0x0000000100000000)
  eden space 165376K, 55% used [0x00000000d5580000,0x00000000dae60480,0x00000000df700000)
  from space 26112K, 99% used [0x00000000df700000,0x00000000e107da08,0x00000000e1080000)
  to   space 30720K, 0% used [0x00000000e2680000,0x00000000e2680000,0x00000000e4480000)
 ParOldGen       total 132608K, used 54610K [0x0000000080000000, 0x0000000088180000, 0x00000000d5580000)
  object space 132608K, 41% used [0x0000000080000000,0x0000000083554848,0x0000000088180000)
 Metaspace       used 84076K, capacity 88165K, committed 88472K, reserved 1126400K
  class space    used 11116K, capacity 11871K, committed 11936K, reserved 1048576K

Card table byte_map: [0x0000000011f70000,0x0000000012380000] byte_map_base: 0x0000000011b70000

Marking Bits: (ParMarkBitMap*) 0x0000000052e5f030
 Begin Bits: [0x0000000012e30000, 0x0000000014e30000)
 End Bits:   [0x0000000014e30000, 0x0000000016e30000)

Polling page: 0x0000000000b90000

CodeCache: size=245760Kb used=32963Kb max_used=32963Kb free=212796Kb
 bounds [0x0000000002bb0000, 0x0000000004c20000, 0x0000000011bb0000]
 total_blobs=11267 nmethods=10397 adapters=782
 compilation: enabled

Compilation events (10 events):
Event: 143.208 Thread 0x0000000019a4d000 12603       3       java.util.Formatter$Conversion::isInteger (48 bytes)
Event: 143.208 Thread 0x0000000019a4d000 nmethod 12603 0x00000000036a3c50 code [0x00000000036a3da0, 0x00000000036a3f10]
Event: 143.208 Thread 0x0000000019a4d000 12601       3       java.util.Formatter::getZero (27 bytes)
Event: 143.208 Thread 0x0000000019a4d000 nmethod 12601 0x0000000003191150 code [0x00000000031912e0, 0x00000000031915d8]
Event: 143.208 Thread 0x0000000019a4d000 12602       3       java.util.Formatter::toString (12 bytes)
Event: 143.209 Thread 0x0000000019a4d000 nmethod 12602 0x0000000003667210 code [0x00000000036673a0, 0x00000000036676d8]
Event: 143.266 Thread 0x0000000019a4d000 12605       3       java.lang.String::format (16 bytes)
Event: 143.266 Thread 0x0000000019a4d000 nmethod 12605 0x0000000003963410 code [0x0000000003963640, 0x0000000003964218]
Event: 143.267 Thread 0x0000000019a4d000 12606       3       java.util.Formatter::<init> (18 bytes)
Event: 143.267 Thread 0x0000000019a4d000 nmethod 12606 0x00000000048096d0 code [0x00000000048098a0, 0x0000000004809f48]

GC Heap History (10 events):
Event: 32.830 GC heap before
{Heap before GC invocations=20 (full 3):
 PSYoungGen      total 151040K, used 146504K [0x00000000d5580000, 0x00000000dfc00000, 0x0000000100000000)
  eden space 134656K, 100% used [0x00000000d5580000,0x00000000dd900000,0x00000000dd900000)
  from space 16384K, 72% used [0x00000000dec00000,0x00000000df792140,0x00000000dfc00000)
  to   space 17920K, 0% used [0x00000000dd900000,0x00000000dd900000,0x00000000dea80000)
 ParOldGen       total 132608K, used 34478K [0x0000000080000000, 0x0000000088180000, 0x00000000d5580000)
  object space 132608K, 25% used [0x0000000080000000,0x00000000821ab848,0x0000000088180000)
 Metaspace       used 67354K, capacity 70897K, committed 71192K, reserved 1110016K
  class space    used 9275K, capacity 9932K, committed 10016K, reserved 1048576K
Event: 32.849 GC heap after
Heap after GC invocations=20 (full 3):
 PSYoungGen      total 152576K, used 17893K [0x00000000d5580000, 0x00000000e1080000, 0x0000000100000000)
  eden space 134656K, 0% used [0x00000000d5580000,0x00000000d5580000,0x00000000dd900000)
  from space 17920K, 99% used [0x00000000dd900000,0x00000000dea796a0,0x00000000dea80000)
  to   space 20480K, 0% used [0x00000000dfc80000,0x00000000dfc80000,0x00000000e1080000)
 ParOldGen       total 132608K, used 34510K [0x0000000080000000, 0x0000000088180000, 0x00000000d5580000)
  object space 132608K, 26% used [0x0000000080000000,0x00000000821b3848,0x0000000088180000)
 Metaspace       used 67354K, capacity 70897K, committed 71192K, reserved 1110016K
  class space    used 9275K, capacity 9932K, committed 10016K, reserved 1048576K
}
Event: 34.658 GC heap before
{Heap before GC invocations=21 (full 3):
 PSYoungGen      total 152576K, used 152549K [0x00000000d5580000, 0x00000000e1080000, 0x0000000100000000)
  eden space 134656K, 100% used [0x00000000d5580000,0x00000000dd900000,0x00000000dd900000)
  from space 17920K, 99% used [0x00000000dd900000,0x00000000dea796a0,0x00000000dea80000)
  to   space 20480K, 0% used [0x00000000dfc80000,0x00000000dfc80000,0x00000000e1080000)
 ParOldGen       total 132608K, used 34510K [0x0000000080000000, 0x0000000088180000, 0x00000000d5580000)
  object space 132608K, 26% used [0x0000000080000000,0x00000000821b3848,0x0000000088180000)
 Metaspace       used 71961K, capacity 75631K, committed 75800K, reserved 1114112K
  class space    used 9814K, capacity 10493K, committed 10528K, reserved 1048576K
Event: 34.679 GC heap after
Heap after GC invocations=21 (full 3):
 PSYoungGen      total 166912K, used 20459K [0x00000000d5580000, 0x00000000e1b00000, 0x0000000100000000)
  eden space 146432K, 0% used [0x00000000d5580000,0x00000000d5580000,0x00000000de480000)
  from space 20480K, 99% used [0x00000000dfc80000,0x00000000e107afa0,0x00000000e1080000)
  to   space 24576K, 0% used [0x00000000de480000,0x00000000de480000,0x00000000dfc80000)
 ParOldGen       total 132608K, used 36697K [0x0000000080000000, 0x0000000088180000, 0x00000000d5580000)
  object space 132608K, 27% used [0x0000000080000000,0x00000000823d6560,0x0000000088180000)
 Metaspace       used 71961K, capacity 75631K, committed 75800K, reserved 1114112K
  class space    used 9814K, capacity 10493K, committed 10528K, reserved 1048576K
}
Event: 35.633 GC heap before
{Heap before GC invocations=22 (full 3):
 PSYoungGen      total 166912K, used 166891K [0x00000000d5580000, 0x00000000e1b00000, 0x0000000100000000)
  eden space 146432K, 100% used [0x00000000d5580000,0x00000000de480000,0x00000000de480000)
  from space 20480K, 99% used [0x00000000dfc80000,0x00000000e107afa0,0x00000000e1080000)
  to   space 24576K, 0% used [0x00000000de480000,0x00000000de480000,0x00000000dfc80000)
 ParOldGen       total 132608K, used 36697K [0x0000000080000000, 0x0000000088180000, 0x00000000d5580000)
  object space 132608K, 27% used [0x0000000080000000,0x00000000823d6560,0x0000000088180000)
 Metaspace       used 73129K, capacity 76903K, committed 76952K, reserved 1116160K
  class space    used 9965K, capacity 10629K, committed 10656K, reserved 1048576K
Event: 35.647 GC heap after
Heap after GC invocations=22 (full 3):
 PSYoungGen      total 171008K, used 12173K [0x00000000d5580000, 0x00000000e2880000, 0x0000000100000000)
  eden space 146432K, 0% used [0x00000000d5580000,0x00000000d5580000,0x00000000de480000)
  from space 24576K, 49% used [0x00000000de480000,0x00000000df0635b0,0x00000000dfc80000)
  to   space 23552K, 0% used [0x00000000e1180000,0x00000000e1180000,0x00000000e2880000)
 ParOldGen       total 132608K, used 52193K [0x0000000080000000, 0x0000000088180000, 0x00000000d5580000)
  object space 132608K, 39% used [0x0000000080000000,0x00000000832f8530,0x0000000088180000)
 Metaspace       used 73129K, capacity 76903K, committed 76952K, reserved 1116160K
  class space    used 9965K, capacity 10629K, committed 10656K, reserved 1048576K
}
Event: 49.377 GC heap before
{Heap before GC invocations=23 (full 3):
 PSYoungGen      total 171008K, used 158605K [0x00000000d5580000, 0x00000000e2880000, 0x0000000100000000)
  eden space 146432K, 100% used [0x00000000d5580000,0x00000000de480000,0x00000000de480000)
  from space 24576K, 49% used [0x00000000de480000,0x00000000df0635b0,0x00000000dfc80000)
  to   space 23552K, 0% used [0x00000000e1180000,0x00000000e1180000,0x00000000e2880000)
 ParOldGen       total 132608K, used 52193K [0x0000000080000000, 0x0000000088180000, 0x00000000d5580000)
  object space 132608K, 39% used [0x0000000080000000,0x00000000832f8530,0x0000000088180000)
 Metaspace       used 77761K, capacity 81597K, committed 81944K, reserved 1120256K
  class space    used 10520K, capacity 11202K, committed 11296K, reserved 1048576K
Event: 49.395 GC heap after
Heap after GC invocations=23 (full 3):
 PSYoungGen      total 188928K, used 20260K [0x00000000d5580000, 0x00000000e2a00000, 0x0000000100000000)
  eden space 165376K, 0% used [0x00000000d5580000,0x00000000d5580000,0x00000000df700000)
  from space 23552K, 86% used [0x00000000e1180000,0x00000000e25493f0,0x00000000e2880000)
  to   space 26112K, 0% used [0x00000000df700000,0x00000000df700000,0x00000000e1080000)
 ParOldGen       total 132608K, used 52201K [0x0000000080000000, 0x0000000088180000, 0x00000000d5580000)
  object space 132608K, 39% used [0x0000000080000000,0x00000000832fa530,0x0000000088180000)
 Metaspace       used 77761K, capacity 81597K, committed 81944K, reserved 1120256K
  class space    used 10520K, capacity 11202K, committed 11296K, reserved 1048576K
}
Event: 142.707 GC heap before
{Heap before GC invocations=24 (full 3):
 PSYoungGen      total 188928K, used 185636K [0x00000000d5580000, 0x00000000e2a00000, 0x0000000100000000)
  eden space 165376K, 100% used [0x00000000d5580000,0x00000000df700000,0x00000000df700000)
  from space 23552K, 86% used [0x00000000e1180000,0x00000000e25493f0,0x00000000e2880000)
  to   space 26112K, 0% used [0x00000000df700000,0x00000000df700000,0x00000000e1080000)
 ParOldGen       total 132608K, used 52201K [0x0000000080000000, 0x0000000088180000, 0x00000000d5580000)
  object space 132608K, 39% used [0x0000000080000000,0x00000000832fa530,0x0000000088180000)
 Metaspace       used 83988K, capacity 88153K, committed 88472K, reserved 1126400K
  class space    used 11115K, capacity 11869K, committed 11936K, reserved 1048576K
Event: 142.726 GC heap after
Heap after GC invocations=24 (full 3):
 PSYoungGen      total 191488K, used 26102K [0x00000000d5580000, 0x00000000e4480000, 0x0000000100000000)
  eden space 165376K, 0% used [0x00000000d5580000,0x00000000d5580000,0x00000000df700000)
  from space 26112K, 99% used [0x00000000df700000,0x00000000e107da08,0x00000000e1080000)
  to   space 30720K, 0% used [0x00000000e2680000,0x00000000e2680000,0x00000000e4480000)
 ParOldGen       total 132608K, used 54610K [0x0000000080000000, 0x0000000088180000, 0x00000000d5580000)
  object space 132608K, 41% used [0x0000000080000000,0x0000000083554848,0x0000000088180000)
 Metaspace       used 83988K, capacity 88153K, committed 88472K, reserved 1126400K
  class space    used 11115K, capacity 11869K, committed 11936K, reserved 1048576K
}

Deoptimization events (10 events):
Event: 142.811 Thread 0x000000001eb44800 Uncommon trap: reason=unstable_if action=reinterpret pc=0x00000000035f3340 method=com.google.common.collect.MapMakerInternalMap$Segment.put(Ljava/lang/Object;ILjava/lang/Object;Z)Ljava/lang/Object; @ 92
Event: 142.886 Thread 0x0000000021fd2000 Uncommon trap: reason=class_check action=maybe_recompile pc=0x00000000049b3718 method=org.gradle.internal.snapshot.AbstractCompleteFileSystemLocationSnapshot.getSnapshot(Lorg/gradle/internal/snapshot/VfsRelativePath;Lorg/gradle/internal/snapshot/CaseSensi
Event: 142.886 Thread 0x0000000021fd2000 Uncommon trap: reason=class_check action=maybe_recompile pc=0x0000000004663870 method=org.gradle.internal.snapshot.SnapshotUtil.getMetadataFromChildren(Ljava/util/List;Lorg/gradle/internal/snapshot/VfsRelativePath;Lorg/gradle/internal/snapshot/CaseSensiti
Event: 142.969 Thread 0x0000000021fd2000 Uncommon trap: reason=class_check action=maybe_recompile pc=0x00000000041533ac method=com.google.common.cache.LocalCache$Segment.get(Ljava/lang/Object;I)Ljava/lang/Object; @ 49
Event: 142.969 Thread 0x0000000021fd2000 Uncommon trap: reason=class_check action=maybe_recompile pc=0x00000000041533ac method=com.google.common.cache.LocalCache$Segment.get(Ljava/lang/Object;I)Ljava/lang/Object; @ 49
Event: 143.023 Thread 0x000000001eb44800 Uncommon trap: reason=unstable_if action=reinterpret pc=0x0000000004604378 method=java.util.concurrent.ConcurrentLinkedQueue.offer(Ljava/lang/Object;)Z @ 91
Event: 143.080 Thread 0x000000001c8d3000 Uncommon trap: reason=unstable_if action=reinterpret pc=0x0000000004048990 method=java.util.concurrent.ConcurrentLinkedQueue.offer(Ljava/lang/Object;)Z @ 40
Event: 143.082 Thread 0x000000001c8d3800 Uncommon trap: reason=unstable_if action=reinterpret pc=0x000000000307e2bc method=java.util.concurrent.ConcurrentHashMap.transfer([Ljava/util/concurrent/ConcurrentHashMap$Node;[Ljava/util/concurrent/ConcurrentHashMap$Node;)V @ 34
Event: 143.082 Thread 0x000000001eb44800 Uncommon trap: reason=unstable_if action=reinterpret pc=0x000000000307e2ec method=java.util.concurrent.ConcurrentHashMap.transfer([Ljava/util/concurrent/ConcurrentHashMap$Node;[Ljava/util/concurrent/ConcurrentHashMap$Node;)V @ 277
Event: 143.116 Thread 0x0000000021fd2000 Uncommon trap: reason=unstable_if action=reinterpret pc=0x0000000003736488 method=org.gradle.internal.snapshot.VfsRelativePath.compareToFirstSegment(Ljava/lang/String;Lorg/gradle/internal/snapshot/CaseSensitivity;)I @ 134

Classes redefined (0 events):
No events

Internal exceptions (10 events):
Event: 143.128 Thread 0x0000000021fd2000 Exception <a 'sun/nio/fs/WindowsException'> (0x00000000da9c9170) thrown at [C:\src\AOSP-openjdk-git\hotspot\src\share\vm\prims\jni.cpp, line 710]
Event: 143.128 Thread 0x0000000021fd2000 Exception <a 'sun/nio/fs/WindowsException'> (0x00000000da9c9e60) thrown at [C:\src\AOSP-openjdk-git\hotspot\src\share\vm\prims\jni.cpp, line 710]
Event: 143.128 Thread 0x0000000021fd2000 Exception <a 'sun/nio/fs/WindowsException'> (0x00000000da9cbbf0) thrown at [C:\src\AOSP-openjdk-git\hotspot\src\share\vm\prims\jni.cpp, line 710]
Event: 143.128 Thread 0x0000000021fd2000 Exception <a 'sun/nio/fs/WindowsException'> (0x00000000da9cc8e0) thrown at [C:\src\AOSP-openjdk-git\hotspot\src\share\vm\prims\jni.cpp, line 710]
Event: 143.128 Thread 0x0000000021fd2000 Exception <a 'sun/nio/fs/WindowsException'> (0x00000000da9ce670) thrown at [C:\src\AOSP-openjdk-git\hotspot\src\share\vm\prims\jni.cpp, line 710]
Event: 143.128 Thread 0x0000000021fd2000 Exception <a 'sun/nio/fs/WindowsException'> (0x00000000da9cf358) thrown at [C:\src\AOSP-openjdk-git\hotspot\src\share\vm\prims\jni.cpp, line 710]
Event: 143.129 Thread 0x0000000021fd2000 Exception <a 'sun/nio/fs/WindowsException'> (0x00000000da9d1118) thrown at [C:\src\AOSP-openjdk-git\hotspot\src\share\vm\prims\jni.cpp, line 710]
Event: 143.129 Thread 0x0000000021fd2000 Exception <a 'sun/nio/fs/WindowsException'> (0x00000000da9d1e08) thrown at [C:\src\AOSP-openjdk-git\hotspot\src\share\vm\prims\jni.cpp, line 710]
Event: 143.129 Thread 0x0000000021fd2000 Exception <a 'sun/nio/fs/WindowsException'> (0x00000000da9d3bc8) thrown at [C:\src\AOSP-openjdk-git\hotspot\src\share\vm\prims\jni.cpp, line 710]
Event: 143.129 Thread 0x0000000021fd2000 Exception <a 'sun/nio/fs/WindowsException'> (0x00000000da9d48b8) thrown at [C:\src\AOSP-openjdk-git\hotspot\src\share\vm\prims\jni.cpp, line 710]

Events (10 events):
Event: 143.209 Executing VM operation: RevokeBias done
Event: 143.212 Thread 0x0000000021fd9000 Thread added: 0x0000000021fd9000
Event: 143.263 Executing VM operation: RevokeBias
Event: 143.264 Executing VM operation: RevokeBias done
Event: 143.264 Executing VM operation: RevokeBias
Event: 143.264 Executing VM operation: RevokeBias done
Event: 143.264 Executing VM operation: RevokeBias
Event: 143.265 Executing VM operation: RevokeBias done
Event: 143.265 Thread 0x0000000021fd9000 Thread exited: 0x0000000021fd9000
Event: 143.270 Thread 0x0000000021fd7000 Thread added: 0x0000000021fd7000


Dynamic libraries:
0x00007ff6e5f60000 - 0x00007ff6e5f91000 	C:\Program Files\Android\Android Studio\jre\bin\java.exe
0x00007ffdaec60000 - 0x00007ffdaee50000 	C:\WINDOWS\SYSTEM32\ntdll.dll
0x00007ffdadcc0000 - 0x00007ffdadd72000 	C:\WINDOWS\System32\KERNEL32.DLL
0x00007ffdabf50000 - 0x00007ffdac1f5000 	C:\WINDOWS\System32\KERNELBASE.dll
0x00007ffdadae0000 - 0x00007ffdadb83000 	C:\WINDOWS\System32\ADVAPI32.dll
0x00007ffdae110000 - 0x00007ffdae1ae000 	C:\WINDOWS\System32\msvcrt.dll
0x00007ffdad7f0000 - 0x00007ffdad887000 	C:\WINDOWS\System32\sechost.dll
0x00007ffdadb90000 - 0x00007ffdadcb0000 	C:\WINDOWS\System32\RPCRT4.dll
0x00007ffdad890000 - 0x00007ffdada24000 	C:\WINDOWS\System32\USER32.dll
0x00007ffdabc30000 - 0x00007ffdabc51000 	C:\WINDOWS\System32\win32u.dll
0x00007ffdadd80000 - 0x00007ffdadda6000 	C:\WINDOWS\System32\GDI32.dll
0x00007ffdabdb0000 - 0x00007ffdabf46000 	C:\WINDOWS\System32\gdi32full.dll
0x00007ffdacc70000 - 0x00007ffdacd0e000 	C:\WINDOWS\System32\msvcp_win.dll
0x00007ffdabc90000 - 0x00007ffdabd8a000 	C:\WINDOWS\System32\ucrtbase.dll
0x00007ffd92ee0000 - 0x00007ffd93164000 	C:\WINDOWS\WinSxS\amd64_microsoft.windows.common-controls_6595b64144ccf1df_6.0.18362.1256_none_9e7e379be45e40e2\COMCTL32.dll
0x00007ffdacd10000 - 0x00007ffdad046000 	C:\WINDOWS\System32\combase.dll
0x00007ffdac350000 - 0x00007ffdac3d1000 	C:\WINDOWS\System32\bcryptPrimitives.dll
0x00007ffdadab0000 - 0x00007ffdadade000 	C:\WINDOWS\System32\IMM32.DLL
0x00000000519a0000 - 0x0000000051a72000 	C:\Program Files\Android\Android Studio\jre\jre\bin\msvcr100.dll
0x0000000052690000 - 0x0000000052edb000 	C:\Program Files\Android\Android Studio\jre\jre\bin\server\jvm.dll
0x00007ffdaec10000 - 0x00007ffdaec18000 	C:\WINDOWS\System32\PSAPI.DLL
0x00007ffd96020000 - 0x00007ffd96029000 	C:\WINDOWS\SYSTEM32\WSOCK32.dll
0x00007ffda9540000 - 0x00007ffda9564000 	C:\WINDOWS\SYSTEM32\WINMM.dll
0x00007ffda6320000 - 0x00007ffda632a000 	C:\WINDOWS\SYSTEM32\VERSION.dll
0x00007ffdadfa0000 - 0x00007ffdae00f000 	C:\WINDOWS\System32\WS2_32.dll
0x00007ffda9510000 - 0x00007ffda953d000 	C:\WINDOWS\SYSTEM32\WINMMBASE.dll
0x00007ffdacc20000 - 0x00007ffdacc6a000 	C:\WINDOWS\System32\cfgmgr32.dll
0x00007ffda7a70000 - 0x00007ffda7a7f000 	C:\Program Files\Android\Android Studio\jre\jre\bin\verify.dll
0x00007ffd9c2b0000 - 0x00007ffd9c2d9000 	C:\Program Files\Android\Android Studio\jre\jre\bin\java.dll
0x00007ffda6740000 - 0x00007ffda6756000 	C:\Program Files\Android\Android Studio\jre\jre\bin\zip.dll
0x00007ffdae520000 - 0x00007ffdaec07000 	C:\WINDOWS\System32\SHELL32.dll
0x00007ffdad130000 - 0x00007ffdad1d9000 	C:\WINDOWS\System32\shcore.dll
0x00007ffdac490000 - 0x00007ffdacc11000 	C:\WINDOWS\System32\windows.storage.dll
0x00007ffdabb50000 - 0x00007ffdabb73000 	C:\WINDOWS\System32\profapi.dll
0x00007ffdabb80000 - 0x00007ffdabbca000 	C:\WINDOWS\System32\powrprof.dll
0x00007ffdabb00000 - 0x00007ffdabb10000 	C:\WINDOWS\System32\UMPDC.dll
0x00007ffdad0d0000 - 0x00007ffdad122000 	C:\WINDOWS\System32\shlwapi.dll
0x00007ffdabb30000 - 0x00007ffdabb41000 	C:\WINDOWS\System32\kernel.appcore.dll
0x00007ffdabd90000 - 0x00007ffdabda7000 	C:\WINDOWS\System32\cryptsp.dll
0x00007ffda51e0000 - 0x00007ffda51fa000 	C:\Program Files\Android\Android Studio\jre\jre\bin\net.dll
0x00007ffdab2f0000 - 0x00007ffdab357000 	C:\WINDOWS\system32\mswsock.dll
0x00007ffd9b030000 - 0x00007ffd9b043000 	C:\Program Files\Android\Android Studio\jre\jre\bin\nio.dll
0x00007ffd8f3f0000 - 0x00007ffd8f417000 	C:\Users\LuNgocLien\.gradle\native\f6784746aeab05261644944871eae4fe03e0ef1612fff0a4a95f87b438bc6780\windows-amd64\native-platform.dll
0x00007ffda76c0000 - 0x00007ffda76cd000 	C:\Program Files\Android\Android Studio\jre\jre\bin\management.dll
0x00007ffdaae60000 - 0x00007ffdaae93000 	C:\WINDOWS\system32\rsaenh.dll
0x00007ffdabc60000 - 0x00007ffdabc86000 	C:\WINDOWS\System32\bcrypt.dll
0x00007ffdaba20000 - 0x00007ffdaba45000 	C:\WINDOWS\SYSTEM32\USERENV.dll
0x00007ffdab4c0000 - 0x00007ffdab4cc000 	C:\WINDOWS\SYSTEM32\CRYPTBASE.dll
0x00007ffdab000000 - 0x00007ffdab03a000 	C:\WINDOWS\SYSTEM32\IPHLPAPI.DLL
0x00007ffdae0e0000 - 0x00007ffdae0e8000 	C:\WINDOWS\System32\NSI.dll
0x00007ffda1030000 - 0x00007ffda1046000 	C:\WINDOWS\SYSTEM32\dhcpcsvc6.DLL
0x00007ffda1210000 - 0x00007ffda122c000 	C:\WINDOWS\SYSTEM32\dhcpcsvc.DLL
0x00007ffdab040000 - 0x00007ffdab10b000 	C:\WINDOWS\SYSTEM32\DNSAPI.dll
0x00007ffda28e0000 - 0x00007ffda28eb000 	C:\WINDOWS\SYSTEM32\WINNSI.DLL
0x00007ffda64c0000 - 0x00007ffda64de000 	C:\Users\LuNgocLien\AppData\Local\Temp\native-platform3637575423783069153dir\native-platform.dll

VM Arguments:
jvm_args: -Xmx2048m -Dfile.encoding=UTF-8 -Duser.country=US -Duser.language=en -Duser.variant 
java_command: org.gradle.launcher.daemon.bootstrap.GradleDaemon 6.5
java_class_path (initial): C:\Users\LuNgocLien\.gradle\wrapper\dists\gradle-6.5-bin\6nifqtx7604sqp1q6g8wikw7p\gradle-6.5\lib\gradle-launcher-6.5.jar
Launcher Type: SUN_STANDARD

Environment Variables:
USERNAME=LuNgocLien
OS=Windows_NT
PROCESSOR_IDENTIFIER=Intel64 Family 6 Model 142 Stepping 10, GenuineIntel



---------------  S Y S T E M  ---------------

OS: Windows 10.0 , 64 bit Build 18362 (10.0.18362.1110)

CPU:total 8 (initial active 8) (4 cores per cpu, 2 threads per core) family 6 model 142 stepping 10, cmov, cx8, fxsr, mmx, sse, sse2, sse3, ssse3, sse4.1, sse4.2, popcnt, avx, avx2, aes, clmul, erms, 3dnowpref, lzcnt, ht, tsc, tscinvbit, bmi1, bmi2, adx

Memory: 4k page, physical 8272668k(1198828k free), swap 11303240k(5172k free)

vm_info: OpenJDK 64-Bit Server VM (25.242-b01) for windows-amd64 JRE (1.8.0_242-release-1644-b01), built by "builder" with MS VC++ 10.0 (VS2010)

time: Thu Jan 14 11:36:08 2021
timezone: SE Asia Standard Time
elapsed time: 143 seconds (0d 0h 2m 23s)

